2023-09-19T19:03:55.660+07:00  INFO 12916 --- [main] c.p.d.DictionaryAppBeApplication         : Starting DictionaryAppBeApplication using Java 18.0.1 with PID 12916 (E:\PBL6-repo\Dictionary-app-be\target\classes started by ADMIN in E:\PBL6-repo\Dictionary-app-be)
2023-09-19T19:03:55.662+07:00  INFO 12916 --- [main] c.p.d.DictionaryAppBeApplication         : No active profile set, falling back to 1 default profile: "default"
2023-09-19T19:03:56.278+07:00  INFO 12916 --- [main] .s.d.r.c.RepositoryConfigurationDelegate : Bootstrapping Spring Data JPA repositories in DEFAULT mode.
2023-09-19T19:03:56.299+07:00  INFO 12916 --- [main] .s.d.r.c.RepositoryConfigurationDelegate : Finished Spring Data repository scanning in 13 ms. Found 0 JPA repository interfaces.
2023-09-19T19:03:56.852+07:00  INFO 12916 --- [main] o.s.b.w.embedded.tomcat.TomcatWebServer  : Tomcat initialized with port(s): 8080 (http)
2023-09-19T19:03:56.863+07:00  INFO 12916 --- [main] o.apache.catalina.core.StandardService   : Starting service [Tomcat]
2023-09-19T19:03:56.864+07:00  INFO 12916 --- [main] o.apache.catalina.core.StandardEngine    : Starting Servlet engine: [Apache Tomcat/10.1.12]
2023-09-19T19:03:56.968+07:00  INFO 12916 --- [main] o.a.c.c.C.[Tomcat].[localhost].[/]       : Initializing Spring embedded WebApplicationContext
2023-09-19T19:03:56.968+07:00  INFO 12916 --- [main] w.s.c.ServletWebServerApplicationContext : Root WebApplicationContext: initialization completed in 1258 ms
2023-09-19T19:03:57.141+07:00  INFO 12916 --- [main] o.hibernate.jpa.internal.util.LogHelper  : HHH000204: Processing PersistenceUnitInfo [name: default]
2023-09-19T19:03:57.215+07:00  INFO 12916 --- [main] org.hibernate.Version                    : HHH000412: Hibernate ORM core version 6.2.7.Final
2023-09-19T19:03:57.217+07:00  INFO 12916 --- [main] org.hibernate.cfg.Environment            : HHH000406: Using bytecode reflection optimizer
2023-09-19T19:03:57.386+07:00  INFO 12916 --- [main] o.h.b.i.BytecodeProviderInitiator        : HHH000021: Bytecode provider name : bytebuddy
2023-09-19T19:03:57.537+07:00  INFO 12916 --- [main] o.s.o.j.p.SpringPersistenceUnitInfo      : No LoadTimeWeaver setup: ignoring JPA class transformer
2023-09-19T19:03:57.554+07:00  INFO 12916 --- [main] com.zaxxer.hikari.HikariDataSource       : HikariPool-1 - Starting...
2023-09-19T19:03:57.866+07:00  INFO 12916 --- [main] com.zaxxer.hikari.pool.HikariPool        : HikariPool-1 - Added connection com.mysql.cj.jdbc.ConnectionImpl@37d0d373
2023-09-19T19:03:57.868+07:00  INFO 12916 --- [main] com.zaxxer.hikari.HikariDataSource       : HikariPool-1 - Start completed.
2023-09-19T19:03:57.939+07:00  WARN 12916 --- [main] org.hibernate.orm.deprecation            : HHH90000026: MySQL57Dialect has been deprecated; use org.hibernate.dialect.MySQLDialect instead
2023-09-19T19:03:58.240+07:00  INFO 12916 --- [main] o.h.b.i.BytecodeProviderInitiator        : HHH000021: Bytecode provider name : bytebuddy
2023-09-19T19:03:58.965+07:00  INFO 12916 --- [main] o.h.e.t.j.p.i.JtaPlatformInitiator       : HHH000490: Using JtaPlatform implementation: [org.hibernate.engine.transaction.jta.platform.internal.NoJtaPlatform]
2023-09-19T19:03:59.189+07:00  INFO 12916 --- [main] j.LocalContainerEntityManagerFactoryBean : Initialized JPA EntityManagerFactory for persistence unit 'default'
2023-09-19T19:03:59.228+07:00  WARN 12916 --- [main] JpaBaseConfiguration$JpaWebConfiguration : spring.jpa.open-in-view is enabled by default. Therefore, database queries may be performed during view rendering. Explicitly configure spring.jpa.open-in-view to disable this warning
2023-09-19T19:03:59.610+07:00  INFO 12916 --- [main] o.s.b.w.embedded.tomcat.TomcatWebServer  : Tomcat started on port(s): 8080 (http) with context path ''
2023-09-19T19:03:59.619+07:00  INFO 12916 --- [main] c.p.d.DictionaryAppBeApplication         : Started DictionaryAppBeApplication in 4.433 seconds (process running for 5.152)
2023-09-19T19:04:06.753+07:00  INFO 12916 --- [SpringApplicationShutdownHook] j.LocalContainerEntityManagerFactoryBean : Closing JPA EntityManagerFactory for persistence unit 'default'
2023-09-19T19:04:06.757+07:00  INFO 12916 --- [SpringApplicationShutdownHook] com.zaxxer.hikari.HikariDataSource       : HikariPool-1 - Shutdown initiated...
2023-09-19T19:04:06.763+07:00  INFO 12916 --- [SpringApplicationShutdownHook] com.zaxxer.hikari.HikariDataSource       : HikariPool-1 - Shutdown completed.
2023-09-19T19:04:09.690+07:00  INFO 20508 --- [main] c.p.d.DictionaryAppBeApplication         : Starting DictionaryAppBeApplication using Java 18.0.1 with PID 20508 (E:\PBL6-repo\Dictionary-app-be\target\classes started by ADMIN in E:\PBL6-repo\Dictionary-app-be)
2023-09-19T19:04:09.692+07:00  INFO 20508 --- [main] c.p.d.DictionaryAppBeApplication         : No active profile set, falling back to 1 default profile: "default"
2023-09-19T19:04:10.253+07:00  INFO 20508 --- [main] .s.d.r.c.RepositoryConfigurationDelegate : Bootstrapping Spring Data JPA repositories in DEFAULT mode.
2023-09-19T19:04:10.270+07:00  INFO 20508 --- [main] .s.d.r.c.RepositoryConfigurationDelegate : Finished Spring Data repository scanning in 10 ms. Found 0 JPA repository interfaces.
2023-09-19T19:04:10.747+07:00  INFO 20508 --- [main] o.s.b.w.embedded.tomcat.TomcatWebServer  : Tomcat initialized with port(s): 8080 (http)
2023-09-19T19:04:10.756+07:00  INFO 20508 --- [main] o.apache.catalina.core.StandardService   : Starting service [Tomcat]
2023-09-19T19:04:10.756+07:00  INFO 20508 --- [main] o.apache.catalina.core.StandardEngine    : Starting Servlet engine: [Apache Tomcat/10.1.12]
2023-09-19T19:04:10.861+07:00  INFO 20508 --- [main] o.a.c.c.C.[Tomcat].[localhost].[/]       : Initializing Spring embedded WebApplicationContext
2023-09-19T19:04:10.862+07:00  INFO 20508 --- [main] w.s.c.ServletWebServerApplicationContext : Root WebApplicationContext: initialization completed in 1119 ms
2023-09-19T19:04:11.004+07:00  INFO 20508 --- [main] o.hibernate.jpa.internal.util.LogHelper  : HHH000204: Processing PersistenceUnitInfo [name: default]
2023-09-19T19:04:11.050+07:00  INFO 20508 --- [main] org.hibernate.Version                    : HHH000412: Hibernate ORM core version 6.2.7.Final
2023-09-19T19:04:11.053+07:00  INFO 20508 --- [main] org.hibernate.cfg.Environment            : HHH000406: Using bytecode reflection optimizer
2023-09-19T19:04:11.201+07:00  INFO 20508 --- [main] o.h.b.i.BytecodeProviderInitiator        : HHH000021: Bytecode provider name : bytebuddy
2023-09-19T19:04:11.333+07:00  INFO 20508 --- [main] o.s.o.j.p.SpringPersistenceUnitInfo      : No LoadTimeWeaver setup: ignoring JPA class transformer
2023-09-19T19:04:11.347+07:00  INFO 20508 --- [main] com.zaxxer.hikari.HikariDataSource       : HikariPool-1 - Starting...
2023-09-19T19:04:11.645+07:00  INFO 20508 --- [main] com.zaxxer.hikari.pool.HikariPool        : HikariPool-1 - Added connection com.mysql.cj.jdbc.ConnectionImpl@61a704d3
2023-09-19T19:04:11.648+07:00  INFO 20508 --- [main] com.zaxxer.hikari.HikariDataSource       : HikariPool-1 - Start completed.
2023-09-19T19:04:11.695+07:00  WARN 20508 --- [main] org.hibernate.orm.deprecation            : HHH90000026: MySQL57Dialect has been deprecated; use org.hibernate.dialect.MySQLDialect instead
2023-09-19T19:04:11.938+07:00  INFO 20508 --- [main] o.h.b.i.BytecodeProviderInitiator        : HHH000021: Bytecode provider name : bytebuddy
2023-09-19T19:04:12.560+07:00  INFO 20508 --- [main] o.h.e.t.j.p.i.JtaPlatformInitiator       : HHH000490: Using JtaPlatform implementation: [org.hibernate.engine.transaction.jta.platform.internal.NoJtaPlatform]
2023-09-19T19:04:12.705+07:00  INFO 20508 --- [main] j.LocalContainerEntityManagerFactoryBean : Initialized JPA EntityManagerFactory for persistence unit 'default'
2023-09-19T19:04:12.741+07:00  WARN 20508 --- [main] JpaBaseConfiguration$JpaWebConfiguration : spring.jpa.open-in-view is enabled by default. Therefore, database queries may be performed during view rendering. Explicitly configure spring.jpa.open-in-view to disable this warning
2023-09-19T19:04:13.071+07:00  INFO 20508 --- [main] o.s.b.w.embedded.tomcat.TomcatWebServer  : Tomcat started on port(s): 8080 (http) with context path ''
2023-09-19T19:04:13.080+07:00  INFO 20508 --- [main] c.p.d.DictionaryAppBeApplication         : Started DictionaryAppBeApplication in 3.85 seconds (process running for 4.645)
2023-09-19T19:05:05.040+07:00  INFO 20508 --- [SpringApplicationShutdownHook] j.LocalContainerEntityManagerFactoryBean : Closing JPA EntityManagerFactory for persistence unit 'default'
2023-09-19T19:05:05.041+07:00  INFO 20508 --- [SpringApplicationShutdownHook] com.zaxxer.hikari.HikariDataSource       : HikariPool-1 - Shutdown initiated...
2023-09-19T19:05:05.048+07:00  INFO 20508 --- [SpringApplicationShutdownHook] com.zaxxer.hikari.HikariDataSource       : HikariPool-1 - Shutdown completed.
2023-09-19T19:05:40.967+07:00  INFO 15092 --- [main] c.p.d.DictionaryAppBeApplication         : Starting DictionaryAppBeApplication using Java 18.0.1 with PID 15092 (E:\PBL6-repo\Dictionary-app-be\target\classes started by ADMIN in E:\PBL6-repo\Dictionary-app-be)
2023-09-19T19:05:40.970+07:00  INFO 15092 --- [main] c.p.d.DictionaryAppBeApplication         : No active profile set, falling back to 1 default profile: "default"
2023-09-19T19:05:41.554+07:00  INFO 15092 --- [main] .s.d.r.c.RepositoryConfigurationDelegate : Bootstrapping Spring Data JPA repositories in DEFAULT mode.
2023-09-19T19:05:41.617+07:00  INFO 15092 --- [main] .s.d.r.c.RepositoryConfigurationDelegate : Finished Spring Data repository scanning in 56 ms. Found 2 JPA repository interfaces.
2023-09-19T19:05:42.093+07:00  INFO 15092 --- [main] o.s.b.w.embedded.tomcat.TomcatWebServer  : Tomcat initialized with port(s): 8080 (http)
2023-09-19T19:05:42.102+07:00  INFO 15092 --- [main] o.apache.catalina.core.StandardService   : Starting service [Tomcat]
2023-09-19T19:05:42.102+07:00  INFO 15092 --- [main] o.apache.catalina.core.StandardEngine    : Starting Servlet engine: [Apache Tomcat/10.1.12]
2023-09-19T19:05:42.194+07:00  INFO 15092 --- [main] o.a.c.c.C.[Tomcat].[localhost].[/]       : Initializing Spring embedded WebApplicationContext
2023-09-19T19:05:42.195+07:00  INFO 15092 --- [main] w.s.c.ServletWebServerApplicationContext : Root WebApplicationContext: initialization completed in 1168 ms
2023-09-19T19:05:42.347+07:00  INFO 15092 --- [main] o.hibernate.jpa.internal.util.LogHelper  : HHH000204: Processing PersistenceUnitInfo [name: default]
2023-09-19T19:05:42.398+07:00  INFO 15092 --- [main] org.hibernate.Version                    : HHH000412: Hibernate ORM core version 6.2.7.Final
2023-09-19T19:05:42.399+07:00  INFO 15092 --- [main] org.hibernate.cfg.Environment            : HHH000406: Using bytecode reflection optimizer
2023-09-19T19:05:42.519+07:00  INFO 15092 --- [main] o.h.b.i.BytecodeProviderInitiator        : HHH000021: Bytecode provider name : bytebuddy
2023-09-19T19:05:42.651+07:00  INFO 15092 --- [main] o.s.o.j.p.SpringPersistenceUnitInfo      : No LoadTimeWeaver setup: ignoring JPA class transformer
2023-09-19T19:05:42.665+07:00  INFO 15092 --- [main] com.zaxxer.hikari.HikariDataSource       : HikariPool-1 - Starting...
2023-09-19T19:05:42.969+07:00  INFO 15092 --- [main] com.zaxxer.hikari.pool.HikariPool        : HikariPool-1 - Added connection com.mysql.cj.jdbc.ConnectionImpl@2ff498b0
2023-09-19T19:05:42.972+07:00  INFO 15092 --- [main] com.zaxxer.hikari.HikariDataSource       : HikariPool-1 - Start completed.
2023-09-19T19:05:43.013+07:00  WARN 15092 --- [main] org.hibernate.orm.deprecation            : HHH90000026: MySQL57Dialect has been deprecated; use org.hibernate.dialect.MySQLDialect instead
2023-09-19T19:05:43.266+07:00  INFO 15092 --- [main] o.h.b.i.BytecodeProviderInitiator        : HHH000021: Bytecode provider name : bytebuddy
2023-09-19T19:05:43.898+07:00  INFO 15092 --- [main] o.h.e.t.j.p.i.JtaPlatformInitiator       : HHH000490: Using JtaPlatform implementation: [org.hibernate.engine.transaction.jta.platform.internal.NoJtaPlatform]
2023-09-19T19:05:44.021+07:00  INFO 15092 --- [main] j.LocalContainerEntityManagerFactoryBean : Initialized JPA EntityManagerFactory for persistence unit 'default'
2023-09-19T19:05:44.061+07:00  WARN 15092 --- [main] JpaBaseConfiguration$JpaWebConfiguration : spring.jpa.open-in-view is enabled by default. Therefore, database queries may be performed during view rendering. Explicitly configure spring.jpa.open-in-view to disable this warning
2023-09-19T19:05:44.637+07:00  INFO 15092 --- [main] o.s.b.w.embedded.tomcat.TomcatWebServer  : Tomcat started on port(s): 8080 (http) with context path ''
2023-09-19T19:05:44.645+07:00  INFO 15092 --- [main] c.p.d.DictionaryAppBeApplication         : Started DictionaryAppBeApplication in 4.126 seconds (process running for 4.765)
2023-09-19T19:06:18.510+07:00  INFO 15092 --- [http-nio-8080-exec-1] o.a.c.c.C.[Tomcat].[localhost].[/]       : Initializing Spring DispatcherServlet 'dispatcherServlet'
2023-09-19T19:06:18.510+07:00  INFO 15092 --- [http-nio-8080-exec-1] o.s.web.servlet.DispatcherServlet        : Initializing Servlet 'dispatcherServlet'
2023-09-19T19:06:18.512+07:00  INFO 15092 --- [http-nio-8080-exec-1] o.s.web.servlet.DispatcherServlet        : Completed initialization in 1 ms
2023-09-19T19:06:18.534+07:00  WARN 15092 --- [http-nio-8080-exec-1] .w.s.m.s.DefaultHandlerExceptionResolver : Resolved [org.springframework.web.HttpRequestMethodNotSupportedException: Request method 'DELETE' is not supported]
2023-09-19T19:10:12.653+07:00  INFO 15092 --- [SpringApplicationShutdownHook] j.LocalContainerEntityManagerFactoryBean : Closing JPA EntityManagerFactory for persistence unit 'default'
2023-09-19T19:10:12.656+07:00  INFO 15092 --- [SpringApplicationShutdownHook] com.zaxxer.hikari.HikariDataSource       : HikariPool-1 - Shutdown initiated...
2023-09-19T19:10:12.665+07:00  INFO 15092 --- [SpringApplicationShutdownHook] com.zaxxer.hikari.HikariDataSource       : HikariPool-1 - Shutdown completed.
2023-09-19T19:10:16.372+07:00  INFO 13392 --- [main] c.p.d.DictionaryAppBeApplication         : Starting DictionaryAppBeApplication using Java 18.0.1 with PID 13392 (E:\PBL6-repo\Dictionary-app-be\target\classes started by ADMIN in E:\PBL6-repo\Dictionary-app-be)
2023-09-19T19:10:16.376+07:00  INFO 13392 --- [main] c.p.d.DictionaryAppBeApplication         : No active profile set, falling back to 1 default profile: "default"
2023-09-19T19:10:17.022+07:00  INFO 13392 --- [main] .s.d.r.c.RepositoryConfigurationDelegate : Bootstrapping Spring Data JPA repositories in DEFAULT mode.
2023-09-19T19:10:17.088+07:00  INFO 13392 --- [main] .s.d.r.c.RepositoryConfigurationDelegate : Finished Spring Data repository scanning in 57 ms. Found 2 JPA repository interfaces.
2023-09-19T19:10:17.597+07:00  INFO 13392 --- [main] o.s.b.w.embedded.tomcat.TomcatWebServer  : Tomcat initialized with port(s): 8080 (http)
2023-09-19T19:10:17.605+07:00  INFO 13392 --- [main] o.apache.catalina.core.StandardService   : Starting service [Tomcat]
2023-09-19T19:10:17.606+07:00  INFO 13392 --- [main] o.apache.catalina.core.StandardEngine    : Starting Servlet engine: [Apache Tomcat/10.1.12]
2023-09-19T19:10:17.705+07:00  INFO 13392 --- [main] o.a.c.c.C.[Tomcat].[localhost].[/]       : Initializing Spring embedded WebApplicationContext
2023-09-19T19:10:17.705+07:00  INFO 13392 --- [main] w.s.c.ServletWebServerApplicationContext : Root WebApplicationContext: initialization completed in 1265 ms
2023-09-19T19:10:17.866+07:00  INFO 13392 --- [main] o.hibernate.jpa.internal.util.LogHelper  : HHH000204: Processing PersistenceUnitInfo [name: default]
2023-09-19T19:10:17.915+07:00  INFO 13392 --- [main] org.hibernate.Version                    : HHH000412: Hibernate ORM core version 6.2.7.Final
2023-09-19T19:10:17.916+07:00  INFO 13392 --- [main] org.hibernate.cfg.Environment            : HHH000406: Using bytecode reflection optimizer
2023-09-19T19:10:18.041+07:00  INFO 13392 --- [main] o.h.b.i.BytecodeProviderInitiator        : HHH000021: Bytecode provider name : bytebuddy
2023-09-19T19:10:18.182+07:00  INFO 13392 --- [main] o.s.o.j.p.SpringPersistenceUnitInfo      : No LoadTimeWeaver setup: ignoring JPA class transformer
2023-09-19T19:10:18.210+07:00  INFO 13392 --- [main] com.zaxxer.hikari.HikariDataSource       : HikariPool-1 - Starting...
2023-09-19T19:10:18.551+07:00  INFO 13392 --- [main] com.zaxxer.hikari.pool.HikariPool        : HikariPool-1 - Added connection com.mysql.cj.jdbc.ConnectionImpl@108b121f
2023-09-19T19:10:18.553+07:00  INFO 13392 --- [main] com.zaxxer.hikari.HikariDataSource       : HikariPool-1 - Start completed.
2023-09-19T19:10:18.606+07:00  WARN 13392 --- [main] org.hibernate.orm.deprecation            : HHH90000026: MySQL57Dialect has been deprecated; use org.hibernate.dialect.MySQLDialect instead
2023-09-19T19:10:18.874+07:00  INFO 13392 --- [main] o.h.b.i.BytecodeProviderInitiator        : HHH000021: Bytecode provider name : bytebuddy
2023-09-19T19:10:19.542+07:00  INFO 13392 --- [main] o.h.e.t.j.p.i.JtaPlatformInitiator       : HHH000490: Using JtaPlatform implementation: [org.hibernate.engine.transaction.jta.platform.internal.NoJtaPlatform]
2023-09-19T19:10:19.684+07:00  INFO 13392 --- [main] j.LocalContainerEntityManagerFactoryBean : Initialized JPA EntityManagerFactory for persistence unit 'default'
2023-09-19T19:10:19.724+07:00  WARN 13392 --- [main] JpaBaseConfiguration$JpaWebConfiguration : spring.jpa.open-in-view is enabled by default. Therefore, database queries may be performed during view rendering. Explicitly configure spring.jpa.open-in-view to disable this warning
2023-09-19T19:10:20.299+07:00  INFO 13392 --- [main] o.s.b.w.embedded.tomcat.TomcatWebServer  : Tomcat started on port(s): 8080 (http) with context path ''
2023-09-19T19:10:20.307+07:00  INFO 13392 --- [main] c.p.d.DictionaryAppBeApplication         : Started DictionaryAppBeApplication in 4.427 seconds (process running for 5.062)
2023-09-19T19:10:37.571+07:00  INFO 13392 --- [SpringApplicationShutdownHook] j.LocalContainerEntityManagerFactoryBean : Closing JPA EntityManagerFactory for persistence unit 'default'
2023-09-19T19:10:37.573+07:00  INFO 13392 --- [SpringApplicationShutdownHook] com.zaxxer.hikari.HikariDataSource       : HikariPool-1 - Shutdown initiated...
2023-09-19T19:10:37.581+07:00  INFO 13392 --- [SpringApplicationShutdownHook] com.zaxxer.hikari.HikariDataSource       : HikariPool-1 - Shutdown completed.
